<?xml version="1.0" encoding="UTF-8"?>
<testng-results ignored="0" total="1" passed="1" failed="0" skipped="0">
  <reporter-output>
  </reporter-output>
  <suite started-at="2023-07-07T16:42:43 IST" name="Default suite" finished-at="2023-07-07T16:42:45 IST" duration-ms="1880">
    <groups>
    </groups>
    <test started-at="2023-07-07T16:42:43 IST" name="Default test" finished-at="2023-07-07T16:42:45 IST" duration-ms="1880">
      <class name="com.api.Auth_Types.Bearer_Token">
        <test-method signature="bearertoken()[pri:0, instance:com.api.Auth_Types.Bearer_Token@5f9b2141]" started-at="2023-07-07T16:42:43 IST" name="bearertoken" finished-at="2023-07-07T16:42:45 IST" duration-ms="1852" status="PASS">
          <reporter-output>
          </reporter-output>
        </test-method> <!-- bearertoken -->
      </class> <!-- com.api.Auth_Types.Bearer_Token -->
    </test> <!-- Default test -->
  </suite> <!-- Default suite -->
</testng-results>
